<?xml version="1.0" encoding="UTF-8"?>
<!-- Generated by org.testng.reporters.JUnitReportReporter -->
<testsuite ignored="0" hostname="VictorDell" failures="0" tests="1" name="Training.Selenium.AppTest" time="0.019" errors="0" timestamp="10 mar. 2023 16:12:27 GMT" skipped="0">
  <testcase classname="Training.Selenium.AppTest" name="shouldAnswerWithTrue" time="0.019"/>
</testsuite> <!-- Training.Selenium.AppTest -->
